# JRE version: OpenJDK Runtime Environment (11.0.10) (build 11.0.10+0-b96-7249189)
# Java VM: OpenJDK 64-Bit Server VM (11.0.10+0-b96-7249189, mixed mode, tiered, compressed oops, g1 gc, windows-amd64)
Heap:
 garbage-first heap   total 187392K, used 88932K [0x0000000080000000, 0x0000000100000000)
  region size 1024K, 22 young (22528K), 8 survivors (8192K)
 Metaspace       used 87916K, capacity 90333K, committed 90572K, reserved 1128448K
  class space    used 10990K, capacity 11874K, committed 11980K, reserved 1048576K
GC Heap History (20 events):
Event: 5.766 GC heap before
{Heap before GC invocations=9 (full 0):
 garbage-first heap   total 129024K, used 87581K [0x0000000080000000, 0x0000000100000000)
  region size 1024K, 67 young (68608K), 8 survivors (8192K)
 Metaspace       used 44776K, capacity 45920K, committed 46156K, reserved 1089536K
  class space    used 5757K, capacity 6148K, committed 6220K, reserved 1048576K
}
Event: 5.777 GC heap after
{Heap after GC invocations=10 (full 0):
 garbage-first heap   total 155648K, used 29278K [0x0000000080000000, 0x0000000100000000)
  region size 1024K, 7 young (7168K), 7 survivors (7168K)
 Metaspace       used 44776K, capacity 45920K, committed 46156K, reserved 1089536K
  class space    used 5757K, capacity 6148K, committed 6220K, reserved 1048576K
}
Event: 7.024 GC heap before
{Heap before GC invocations=10 (full 0):
 garbage-first heap   total 155648K, used 104030K [0x0000000080000000, 0x0000000100000000)
  region size 1024K, 77 young (78848K), 7 survivors (7168K)
 Metaspace       used 49575K, capacity 50961K, committed 51148K, reserved 1093632K
  class space    used 6324K, capacity 6809K, committed 6860K, reserved 1048576K
}
Event: 7.034 GC heap after
{Heap after GC invocations=11 (full 0):
 garbage-first heap   total 155648K, used 41869K [0x0000000080000000, 0x0000000100000000)
  region size 1024K, 10 young (10240K), 10 survivors (10240K)
 Metaspace       used 49575K, capacity 50961K, committed 51148K, reserved 1093632K
  class space    used 6324K, capacity 6809K, committed 6860K, reserved 1048576K
}
Event: 7.808 GC heap before
{Heap before GC invocations=11 (full 0):
 garbage-first heap   total 155648K, used 98189K [0x0000000080000000, 0x0000000100000000)
  region size 1024K, 66 young (67584K), 10 survivors (10240K)
 Metaspace       used 58682K, capacity 60141K, committed 60236K, reserved 1101824K
  class space    used 7417K, capacity 7967K, committed 8012K, reserved 1048576K
}
Event: 7.823 GC heap after
{Heap after GC invocations=12 (full 0):
 garbage-first heap   total 155648K, used 44369K [0x0000000080000000, 0x0000000100000000)
  region size 1024K, 3 young (3072K), 3 survivors (3072K)
 Metaspace       used 58682K, capacity 60141K, committed 60236K, reserved 1101824K
  class space    used 7417K, capacity 7967K, committed 8012K, reserved 1048576K
}
Event: 8.549 GC heap before
{Heap before GC invocations=13 (full 0):
 garbage-first heap   total 155648K, used 108881K [0x0000000080000000, 0x0000000100000000)
  region size 1024K, 66 young (67584K), 3 survivors (3072K)
 Metaspace       used 64225K, capacity 65732K, committed 65868K, reserved 1105920K
  class space    used 8129K, capacity 8684K, committed 8780K, reserved 1048576K
}
Event: 8.556 GC heap after
{Heap after GC invocations=14 (full 0):
 garbage-first heap   total 155648K, used 49742K [0x0000000080000000, 0x0000000100000000)
  region size 1024K, 8 young (8192K), 8 survivors (8192K)
 Metaspace       used 64225K, capacity 65732K, committed 65868K, reserved 1105920K
  class space    used 8129K, capacity 8684K, committed 8780K, reserved 1048576K
}
Event: 9.467 GC heap before
{Heap before GC invocations=14 (full 0):
 garbage-first heap   total 155648K, used 113230K [0x0000000080000000, 0x0000000100000000)
  region size 1024K, 70 young (71680K), 8 survivors (8192K)
 Metaspace       used 70150K, capacity 71874K, committed 72140K, reserved 1112064K
  class space    used 9040K, capacity 9655K, committed 9676K, reserved 1048576K
}
Event: 9.475 GC heap after
{Heap after GC invocations=15 (full 0):
 garbage-first heap   total 155648K, used 54202K [0x0000000080000000, 0x0000000100000000)
  region size 1024K, 5 young (5120K), 5 survivors (5120K)
 Metaspace       used 70150K, capacity 71874K, committed 72140K, reserved 1112064K
  class space    used 9040K, capacity 9655K, committed 9676K, reserved 1048576K
}
Event: 10.257 GC heap before
{Heap before GC invocations=15 (full 0):
 garbage-first heap   total 155648K, used 116666K [0x0000000080000000, 0x0000000100000000)
  region size 1024K, 66 young (67584K), 5 survivors (5120K)
 Metaspace       used 76875K, capacity 78743K, committed 79052K, reserved 1118208K
  class space    used 9967K, capacity 10624K, committed 10700K, reserved 1048576K
}
Event: 10.268 GC heap after
{Heap after GC invocations=16 (full 0):
 garbage-first heap   total 155648K, used 57877K [0x0000000080000000, 0x0000000100000000)
  region size 1024K, 9 young (9216K), 9 survivors (9216K)
 Metaspace       used 76875K, capacity 78743K, committed 79052K, reserved 1118208K
  class space    used 9967K, capacity 10624K, committed 10700K, reserved 1048576K
}
Event: 11.135 GC heap before
{Heap before GC invocations=16 (full 0):
 garbage-first heap   total 155648K, used 118293K [0x0000000080000000, 0x0000000100000000)
  region size 1024K, 69 young (70656K), 9 survivors (9216K)
 Metaspace       used 81205K, capacity 83391K, committed 83532K, reserved 1122304K
  class space    used 10533K, capacity 11316K, committed 11340K, reserved 1048576K
}
Event: 11.147 GC heap after
{Heap after GC invocations=17 (full 0):
 garbage-first heap   total 187392K, used 63365K [0x0000000080000000, 0x0000000100000000)
  region size 1024K, 9 young (9216K), 9 survivors (9216K)
 Metaspace       used 81205K, capacity 83391K, committed 83532K, reserved 1122304K
  class space    used 10533K, capacity 11316K, committed 11340K, reserved 1048576K
}
Event: 12.156 GC heap before
{Heap before GC invocations=17 (full 0):
 garbage-first heap   total 187392K, used 136069K [0x0000000080000000, 0x0000000100000000)
  region size 1024K, 81 young (82944K), 9 survivors (9216K)
 Metaspace       used 82397K, capacity 84654K, committed 84940K, reserved 1122304K
  class space    used 10620K, capacity 11424K, committed 11468K, reserved 1048576K
}
Event: 12.171 GC heap after
{Heap after GC invocations=18 (full 0):
 garbage-first heap   total 187392K, used 68319K [0x0000000080000000, 0x0000000100000000)
  region size 1024K, 11 young (11264K), 11 survivors (11264K)
 Metaspace       used 82397K, capacity 84654K, committed 84940K, reserved 1122304K
  class space    used 10620K, capacity 11424K, committed 11468K, reserved 1048576K
}
Event: 71.895 GC heap before
{Heap before GC invocations=18 (full 0):
 garbage-first heap   total 187392K, used 139999K [0x0000000080000000, 0x0000000100000000)
  region size 1024K, 82 young (83968K), 11 survivors (11264K)
 Metaspace       used 86474K, capacity 88759K, committed 88908K, reserved 1126400K
  class space    used 10940K, capacity 11762K, committed 11852K, reserved 1048576K
}
Event: 71.908 GC heap after
{Heap after GC invocations=19 (full 0):
 garbage-first heap   total 187392K, used 71919K [0x0000000080000000, 0x0000000100000000)
  region size 1024K, 9 young (9216K), 9 survivors (9216K)
 Metaspace       used 86474K, capacity 88759K, committed 88908K, reserved 1126400K
  class space    used 10940K, capacity 11762K, committed 11852K, reserved 1048576K
}
Event: 91.150 GC heap before
{Heap before GC invocations=19 (full 0):
 garbage-first heap   total 187392K, used 143599K [0x0000000080000000, 0x0000000100000000)
  region size 1024K, 80 young (81920K), 9 survivors (9216K)
 Metaspace       used 87643K, capacity 90010K, committed 90188K, reserved 1128448K
  class space    used 10963K, capacity 11798K, committed 11852K, reserved 1048576K
}
Event: 91.168 GC heap after
{Heap after GC invocations=20 (full 0):
 garbage-first heap   total 187392K, used 75620K [0x0000000080000000, 0x0000000100000000)
  region size 1024K, 8 young (8192K), 8 survivors (8192K)
 Metaspace       used 87643K, capacity 90010K, committed 90188K, reserved 1128448K
  class space    used 10963K, capacity 11798K, committed 11852K, reserved 1048576K
}

