# JRE version: OpenJDK Runtime Environment (11.0.10) (build 11.0.10+0-b96-7249189)
# Java VM: OpenJDK 64-Bit Server VM (11.0.10+0-b96-7249189, mixed mode, tiered, compressed oops, g1 gc, windows-amd64)
Heap:
 garbage-first heap   total 187392K, used 49489K [0x0000000080000000, 0x0000000100000000)
  region size 1024K, 8 young (8192K), 8 survivors (8192K)
 Metaspace       used 64188K, capacity 65686K, committed 65792K, reserved 1105920K
  class space    used 8141K, capacity 8693K, committed 8704K, reserved 1048576K
GC Heap History (20 events):
Event: 1.288 GC heap after
{Heap after GC invocations=2 (full 0):
 garbage-first heap   total 129024K, used 12137K [0x0000000080000000, 0x0000000100000000)
  region size 1024K, 2 young (2048K), 2 survivors (2048K)
 Metaspace       used 10748K, capacity 11003K, committed 11264K, reserved 1058816K
  class space    used 1124K, capacity 1206K, committed 1280K, reserved 1048576K
}
Event: 2.623 GC heap before
{Heap before GC invocations=2 (full 0):
 garbage-first heap   total 129024K, used 56169K [0x0000000080000000, 0x0000000100000000)
  region size 1024K, 45 young (46080K), 2 survivors (2048K)
 Metaspace       used 17868K, capacity 18315K, committed 18432K, reserved 1064960K
  class space    used 2122K, capacity 2270K, committed 2304K, reserved 1048576K
}
Event: 2.627 GC heap after
{Heap after GC invocations=3 (full 0):
 garbage-first heap   total 129024K, used 16360K [0x0000000080000000, 0x0000000100000000)
  region size 1024K, 6 young (6144K), 6 survivors (6144K)
 Metaspace       used 17868K, capacity 18315K, committed 18432K, reserved 1064960K
  class space    used 2122K, capacity 2270K, committed 2304K, reserved 1048576K
}
Event: 2.840 GC heap before
{Heap before GC invocations=3 (full 0):
 garbage-first heap   total 129024K, used 37864K [0x0000000080000000, 0x0000000100000000)
  region size 1024K, 28 young (28672K), 6 survivors (6144K)
 Metaspace       used 20648K, capacity 21140K, committed 21248K, reserved 1067008K
  class space    used 2528K, capacity 2728K, committed 2816K, reserved 1048576K
}
Event: 2.847 GC heap after
{Heap after GC invocations=4 (full 0):
 garbage-first heap   total 129024K, used 17029K [0x0000000080000000, 0x0000000100000000)
  region size 1024K, 1 young (1024K), 1 survivors (1024K)
 Metaspace       used 20648K, capacity 21140K, committed 21248K, reserved 1067008K
  class space    used 2528K, capacity 2728K, committed 2816K, reserved 1048576K
}
Event: 3.375 GC heap before
{Heap before GC invocations=5 (full 0):
 garbage-first heap   total 129024K, used 65157K [0x0000000080000000, 0x0000000100000000)
  region size 1024K, 48 young (49152K), 1 survivors (1024K)
 Metaspace       used 25582K, capacity 26194K, committed 26368K, reserved 1073152K
  class space    used 3343K, capacity 3566K, committed 3584K, reserved 1048576K
}
Event: 3.378 GC heap after
{Heap after GC invocations=6 (full 0):
 garbage-first heap   total 129024K, used 18777K [0x0000000080000000, 0x0000000100000000)
  region size 1024K, 3 young (3072K), 3 survivors (3072K)
 Metaspace       used 25582K, capacity 26194K, committed 26368K, reserved 1073152K
  class space    used 3343K, capacity 3566K, committed 3584K, reserved 1048576K
}
Event: 4.021 GC heap before
{Heap before GC invocations=6 (full 0):
 garbage-first heap   total 129024K, used 71001K [0x0000000080000000, 0x0000000100000000)
  region size 1024K, 54 young (55296K), 3 survivors (3072K)
 Metaspace       used 31404K, capacity 32130K, committed 32384K, reserved 1077248K
  class space    used 4170K, capacity 4439K, committed 4480K, reserved 1048576K
}
Event: 4.027 GC heap after
{Heap after GC invocations=7 (full 0):
 garbage-first heap   total 129024K, used 21066K [0x0000000080000000, 0x0000000100000000)
  region size 1024K, 5 young (5120K), 5 survivors (5120K)
 Metaspace       used 31404K, capacity 32130K, committed 32384K, reserved 1077248K
  class space    used 4170K, capacity 4439K, committed 4480K, reserved 1048576K
}
Event: 4.263 GC heap before
{Heap before GC invocations=7 (full 0):
 garbage-first heap   total 129024K, used 30282K [0x0000000080000000, 0x0000000100000000)
  region size 1024K, 15 young (15360K), 5 survivors (5120K)
 Metaspace       used 35025K, capacity 35798K, committed 35840K, reserved 1081344K
  class space    used 4541K, capacity 4832K, committed 4864K, reserved 1048576K
}
Event: 4.273 GC heap after
{Heap after GC invocations=8 (full 0):
 garbage-first heap   total 129024K, used 22631K [0x0000000080000000, 0x0000000100000000)
  region size 1024K, 6 young (6144K), 6 survivors (6144K)
 Metaspace       used 35025K, capacity 35798K, committed 35840K, reserved 1081344K
  class space    used 4541K, capacity 4832K, committed 4864K, reserved 1048576K
}
Event: 4.928 GC heap before
{Heap before GC invocations=9 (full 0):
 garbage-first heap   total 129024K, used 78951K [0x0000000080000000, 0x0000000100000000)
  region size 1024K, 59 young (60416K), 6 survivors (6144K)
 Metaspace       used 38708K, capacity 39631K, committed 39936K, reserved 1083392K
  class space    used 4949K, capacity 5315K, committed 5376K, reserved 1048576K
}
Event: 4.944 GC heap after
{Heap after GC invocations=10 (full 0):
 garbage-first heap   total 155648K, used 27372K [0x0000000080000000, 0x0000000100000000)
  region size 1024K, 8 young (8192K), 8 survivors (8192K)
 Metaspace       used 38708K, capacity 39631K, committed 39936K, reserved 1083392K
  class space    used 4949K, capacity 5315K, committed 5376K, reserved 1048576K
}
Event: 5.963 GC heap before
{Heap before GC invocations=10 (full 0):
 garbage-first heap   total 155648K, used 94956K [0x0000000080000000, 0x0000000100000000)
  region size 1024K, 74 young (75776K), 8 survivors (8192K)
 Metaspace       used 44864K, capacity 45998K, committed 46208K, reserved 1089536K
  class space    used 5775K, capacity 6155K, committed 6272K, reserved 1048576K
}
Event: 5.975 GC heap after
{Heap after GC invocations=11 (full 0):
 garbage-first heap   total 155648K, used 29727K [0x0000000080000000, 0x0000000100000000)
  region size 1024K, 7 young (7168K), 7 survivors (7168K)
 Metaspace       used 44864K, capacity 45998K, committed 46208K, reserved 1089536K
  class space    used 5775K, capacity 6155K, committed 6272K, reserved 1048576K
}
Event: 7.238 GC heap before
{Heap before GC invocations=11 (full 0):
 garbage-first heap   total 155648K, used 107551K [0x0000000080000000, 0x0000000100000000)
  region size 1024K, 80 young (81920K), 7 survivors (7168K)
 Metaspace       used 49924K, capacity 51218K, committed 51456K, reserved 1093632K
  class space    used 6384K, capacity 6854K, committed 6912K, reserved 1048576K
}
Event: 7.251 GC heap after
{Heap after GC invocations=12 (full 0):
 garbage-first heap   total 155648K, used 41767K [0x0000000080000000, 0x0000000100000000)
  region size 1024K, 10 young (10240K), 10 survivors (10240K)
 Metaspace       used 49924K, capacity 51218K, committed 51456K, reserved 1093632K
  class space    used 6384K, capacity 6854K, committed 6912K, reserved 1048576K
}
Event: 8.156 GC heap before
{Heap before GC invocations=12 (full 0):
 garbage-first heap   total 155648K, used 93991K [0x0000000080000000, 0x0000000100000000)
  region size 1024K, 62 young (63488K), 10 survivors (10240K)
 Metaspace       used 58531K, capacity 60031K, committed 60160K, reserved 1101824K
  class space    used 7410K, capacity 7975K, committed 8064K, reserved 1048576K
}
Event: 8.179 GC heap after
{Heap after GC invocations=13 (full 0):
 garbage-first heap   total 155648K, used 44894K [0x0000000080000000, 0x0000000100000000)
  region size 1024K, 3 young (3072K), 3 survivors (3072K)
 Metaspace       used 58531K, capacity 60031K, committed 60160K, reserved 1101824K
  class space    used 7410K, capacity 7975K, committed 8064K, reserved 1048576K
}
Event: 9.035 GC heap before
{Heap before GC invocations=14 (full 0):
 garbage-first heap   total 155648K, used 107358K [0x0000000080000000, 0x0000000100000000)
  region size 1024K, 64 young (65536K), 3 survivors (3072K)
 Metaspace       used 64188K, capacity 65686K, committed 65792K, reserved 1105920K
  class space    used 8141K, capacity 8693K, committed 8704K, reserved 1048576K
}

