# JRE version: OpenJDK Runtime Environment (11.0.10) (build 11.0.10+0-b96-7249189)
# Java VM: OpenJDK 64-Bit Server VM (11.0.10+0-b96-7249189, mixed mode, tiered, compressed oops, g1 gc, windows-amd64)
Heap:
 garbage-first heap   total 155648K, used 39420K [0x0000000080000000, 0x0000000100000000)
  region size 1024K, 21 young (21504K), 7 survivors (7168K)
 Metaspace       used 39818K, capacity 40754K, committed 40908K, reserved 1085440K
  class space    used 5103K, capacity 5455K, committed 5580K, reserved 1048576K
GC Heap History (14 events):
Event: 0.652 GC heap before
{Heap before GC invocations=0 (full 0):
 garbage-first heap   total 129024K, used 29696K [0x0000000080000000, 0x0000000100000000)
  region size 1024K, 24 young (24576K), 0 survivors (0K)
 Metaspace       used 9796K, capacity 9986K, committed 10112K, reserved 1058816K
  class space    used 1022K, capacity 1102K, committed 1152K, reserved 1048576K
}
Event: 0.658 GC heap after
{Heap after GC invocations=1 (full 0):
 garbage-first heap   total 129024K, used 8977K [0x0000000080000000, 0x0000000100000000)
  region size 1024K, 3 young (3072K), 3 survivors (3072K)
 Metaspace       used 9796K, capacity 9986K, committed 10112K, reserved 1058816K
  class space    used 1022K, capacity 1102K, committed 1152K, reserved 1048576K
}
Event: 2.301 GC heap before
{Heap before GC invocations=1 (full 0):
 garbage-first heap   total 129024K, used 83729K [0x0000000080000000, 0x0000000100000000)
  region size 1024K, 75 young (76800K), 3 survivors (3072K)
 Metaspace       used 17737K, capacity 18155K, committed 18432K, reserved 1064960K
  class space    used 2101K, capacity 2238K, committed 2304K, reserved 1048576K
}
Event: 2.308 GC heap after
{Heap after GC invocations=2 (full 0):
 garbage-first heap   total 129024K, used 16084K [0x0000000080000000, 0x0000000100000000)
  region size 1024K, 10 young (10240K), 10 survivors (10240K)
 Metaspace       used 17737K, capacity 18155K, committed 18432K, reserved 1064960K
  class space    used 2101K, capacity 2238K, committed 2304K, reserved 1048576K
}
Event: 2.714 GC heap before
{Heap before GC invocations=2 (full 0):
 garbage-first heap   total 129024K, used 38612K [0x0000000080000000, 0x0000000100000000)
  region size 1024K, 33 young (33792K), 10 survivors (10240K)
 Metaspace       used 20612K, capacity 21118K, committed 21248K, reserved 1067008K
  class space    used 2520K, capacity 2720K, committed 2816K, reserved 1048576K
}
Event: 2.723 GC heap after
{Heap after GC invocations=3 (full 0):
 garbage-first heap   total 129024K, used 16841K [0x0000000080000000, 0x0000000100000000)
  region size 1024K, 1 young (1024K), 1 survivors (1024K)
 Metaspace       used 20612K, capacity 21118K, committed 21248K, reserved 1067008K
  class space    used 2520K, capacity 2720K, committed 2816K, reserved 1048576K
}
Event: 3.601 GC heap before
{Heap before GC invocations=4 (full 0):
 garbage-first heap   total 129024K, used 67017K [0x0000000080000000, 0x0000000100000000)
  region size 1024K, 50 young (51200K), 1 survivors (1024K)
 Metaspace       used 25679K, capacity 26226K, committed 26496K, reserved 1073152K
  class space    used 3362K, capacity 3598K, committed 3712K, reserved 1048576K
}
Event: 3.605 GC heap after
{Heap after GC invocations=5 (full 0):
 garbage-first heap   total 129024K, used 18318K [0x0000000080000000, 0x0000000100000000)
  region size 1024K, 3 young (3072K), 3 survivors (3072K)
 Metaspace       used 25679K, capacity 26226K, committed 26496K, reserved 1073152K
  class space    used 3362K, capacity 3598K, committed 3712K, reserved 1048576K
}
Event: 4.823 GC heap before
{Heap before GC invocations=5 (full 0):
 garbage-first heap   total 129024K, used 73614K [0x0000000080000000, 0x0000000100000000)
  region size 1024K, 57 young (58368K), 3 survivors (3072K)
 Metaspace       used 34055K, capacity 34833K, committed 34944K, reserved 1079296K
  class space    used 4426K, capacity 4724K, committed 4736K, reserved 1048576K
}
Event: 4.834 GC heap after
{Heap after GC invocations=6 (full 0):
 garbage-first heap   total 129024K, used 21594K [0x0000000080000000, 0x0000000100000000)
  region size 1024K, 6 young (6144K), 6 survivors (6144K)
 Metaspace       used 34055K, capacity 34833K, committed 34944K, reserved 1079296K
  class space    used 4426K, capacity 4724K, committed 4736K, reserved 1048576K
}
Event: 5.038 GC heap before
{Heap before GC invocations=6 (full 0):
 garbage-first heap   total 129024K, used 24666K [0x0000000080000000, 0x0000000100000000)
  region size 1024K, 11 young (11264K), 6 survivors (6144K)
 Metaspace       used 35043K, capacity 35830K, committed 35840K, reserved 1081344K
  class space    used 4537K, capacity 4864K, committed 4864K, reserved 1048576K
}
Event: 5.048 GC heap after
{Heap after GC invocations=7 (full 0):
 garbage-first heap   total 129024K, used 21931K [0x0000000080000000, 0x0000000100000000)
  region size 1024K, 4 young (4096K), 4 survivors (4096K)
 Metaspace       used 35043K, capacity 35830K, committed 35840K, reserved 1081344K
  class space    used 4537K, capacity 4864K, committed 4864K, reserved 1048576K
}
Event: 6.782 GC heap before
{Heap before GC invocations=8 (full 0):
 garbage-first heap   total 129024K, used 76203K [0x0000000080000000, 0x0000000100000000)
  region size 1024K, 55 young (56320K), 4 survivors (4096K)
 Metaspace       used 38683K, capacity 39632K, committed 39884K, reserved 1083392K
  class space    used 4927K, capacity 5251K, committed 5324K, reserved 1048576K
}
Event: 6.798 GC heap after
{Heap after GC invocations=9 (full 0):
 garbage-first heap   total 155648K, used 26108K [0x0000000080000000, 0x0000000100000000)
  region size 1024K, 7 young (7168K), 7 survivors (7168K)
 Metaspace       used 38683K, capacity 39632K, committed 39884K, reserved 1083392K
  class space    used 4927K, capacity 5251K, committed 5324K, reserved 1048576K
}

