# JRE version: OpenJDK Runtime Environment (11.0.10) (build 11.0.10+0-b96-7249189)
# Java VM: OpenJDK 64-Bit Server VM (11.0.10+0-b96-7249189, mixed mode, tiered, compressed oops, g1 gc, windows-amd64)
Heap:
 garbage-first heap   total 187392K, used 82174K [0x0000000080000000, 0x0000000100000000)
  region size 1024K, 6 young (6144K), 2 survivors (2048K)
 Metaspace       used 88081K, capacity 90412K, committed 90572K, reserved 1128448K
  class space    used 11024K, capacity 11856K, committed 11980K, reserved 1048576K
GC Heap History (20 events):
Event: 7.793 GC heap before
{Heap before GC invocations=13 (full 0):
 garbage-first heap   total 155648K, used 59158K [0x0000000080000000, 0x0000000100000000)
  region size 1024K, 19 young (19456K), 3 survivors (3072K)
 Metaspace       used 58656K, capacity 60145K, committed 60236K, reserved 1101824K
  class space    used 7409K, capacity 7966K, committed 8012K, reserved 1048576K
}
Event: 7.801 GC heap after
{Heap after GC invocations=14 (full 0):
 garbage-first heap   total 155648K, used 44774K [0x0000000080000000, 0x0000000100000000)
  region size 1024K, 4 young (4096K), 4 survivors (4096K)
 Metaspace       used 58656K, capacity 60145K, committed 60236K, reserved 1101824K
  class space    used 7409K, capacity 7966K, committed 8012K, reserved 1048576K
}
Event: 8.493 GC heap before
{Heap before GC invocations=15 (full 0):
 garbage-first heap   total 155648K, used 98022K [0x0000000080000000, 0x0000000100000000)
  region size 1024K, 56 young (57344K), 4 survivors (4096K)
 Metaspace       used 63747K, capacity 65256K, committed 65484K, reserved 1105920K
  class space    used 8029K, capacity 8591K, committed 8652K, reserved 1048576K
}
Event: 8.501 GC heap after
{Heap after GC invocations=16 (full 0):
 garbage-first heap   total 155648K, used 50121K [0x0000000080000000, 0x0000000100000000)
  region size 1024K, 7 young (7168K), 7 survivors (7168K)
 Metaspace       used 63747K, capacity 65256K, committed 65484K, reserved 1105920K
  class space    used 8029K, capacity 8591K, committed 8652K, reserved 1048576K
}
Event: 9.047 GC heap before
{Heap before GC invocations=16 (full 0):
 garbage-first heap   total 155648K, used 103369K [0x0000000080000000, 0x0000000100000000)
  region size 1024K, 59 young (60416K), 7 survivors (7168K)
 Metaspace       used 66311K, capacity 67921K, committed 68172K, reserved 1107968K
  class space    used 8394K, capacity 8965K, committed 9036K, reserved 1048576K
}
Event: 9.056 GC heap after
{Heap after GC invocations=17 (full 0):
 garbage-first heap   total 155648K, used 53661K [0x0000000080000000, 0x0000000100000000)
  region size 1024K, 5 young (5120K), 5 survivors (5120K)
 Metaspace       used 66311K, capacity 67921K, committed 68172K, reserved 1107968K
  class space    used 8394K, capacity 8965K, committed 9036K, reserved 1048576K
}
Event: 9.721 GC heap before
{Heap before GC invocations=17 (full 0):
 garbage-first heap   total 155648K, used 107933K [0x0000000080000000, 0x0000000100000000)
  region size 1024K, 58 young (59392K), 5 survivors (5120K)
 Metaspace       used 70324K, capacity 72019K, committed 72268K, reserved 1112064K
  class space    used 9057K, capacity 9682K, committed 9804K, reserved 1048576K
}
Event: 9.730 GC heap after
{Heap after GC invocations=18 (full 0):
 garbage-first heap   total 187392K, used 57565K [0x0000000080000000, 0x0000000100000000)
  region size 1024K, 4 young (4096K), 4 survivors (4096K)
 Metaspace       used 70324K, capacity 72019K, committed 72268K, reserved 1112064K
  class space    used 9057K, capacity 9682K, committed 9804K, reserved 1048576K
}
Event: 10.783 GC heap before
{Heap before GC invocations=18 (full 0):
 garbage-first heap   total 187392K, used 126173K [0x0000000080000000, 0x0000000100000000)
  region size 1024K, 71 young (72704K), 4 survivors (4096K)
 Metaspace       used 77392K, capacity 79233K, committed 79436K, reserved 1118208K
  class space    used 10042K, capacity 10699K, committed 10828K, reserved 1048576K
}
Event: 10.790 GC heap after
{Heap after GC invocations=19 (full 0):
 garbage-first heap   total 187392K, used 61589K [0x0000000080000000, 0x0000000100000000)
  region size 1024K, 8 young (8192K), 8 survivors (8192K)
 Metaspace       used 77392K, capacity 79233K, committed 79436K, reserved 1118208K
  class space    used 10042K, capacity 10699K, committed 10828K, reserved 1048576K
}
Event: 11.859 GC heap before
{Heap before GC invocations=19 (full 0):
 garbage-first heap   total 187392K, used 130197K [0x0000000080000000, 0x0000000100000000)
  region size 1024K, 76 young (77824K), 8 survivors (8192K)
 Metaspace       used 81729K, capacity 83958K, committed 84172K, reserved 1122304K
  class space    used 10599K, capacity 11417K, committed 11468K, reserved 1048576K
}
Event: 11.874 GC heap after
{Heap after GC invocations=20 (full 0):
 garbage-first heap   total 187392K, used 67992K [0x0000000080000000, 0x0000000100000000)
  region size 1024K, 10 young (10240K), 10 survivors (10240K)
 Metaspace       used 81729K, capacity 83958K, committed 84172K, reserved 1122304K
  class space    used 10599K, capacity 11417K, committed 11468K, reserved 1048576K
}
Event: 12.635 GC heap before
{Heap before GC invocations=20 (full 0):
 garbage-first heap   total 187392K, used 135576K [0x0000000080000000, 0x0000000100000000)
  region size 1024K, 77 young (78848K), 10 survivors (10240K)
 Metaspace       used 82584K, capacity 84791K, committed 85068K, reserved 1122304K
  class space    used 10653K, capacity 11476K, committed 11596K, reserved 1048576K
}
Event: 12.646 GC heap after
{Heap after GC invocations=21 (full 0):
 garbage-first heap   total 187392K, used 73270K [0x0000000080000000, 0x0000000100000000)
  region size 1024K, 5 young (5120K), 5 survivors (5120K)
 Metaspace       used 82584K, capacity 84791K, committed 85068K, reserved 1122304K
  class space    used 10653K, capacity 11476K, committed 11596K, reserved 1048576K
}
Event: 13.528 GC heap before
{Heap before GC invocations=21 (full 0):
 garbage-first heap   total 187392K, used 139830K [0x0000000080000000, 0x0000000100000000)
  region size 1024K, 71 young (72704K), 5 survivors (5120K)
 Metaspace       used 83114K, capacity 85361K, committed 85580K, reserved 1124352K
  class space    used 10692K, capacity 11498K, committed 11596K, reserved 1048576K
}
Event: 13.538 GC heap after
{Heap after GC invocations=22 (full 0):
 garbage-first heap   total 187392K, used 76283K [0x0000000080000000, 0x0000000100000000)
  region size 1024K, 8 young (8192K), 8 survivors (8192K)
 Metaspace       used 83114K, capacity 85361K, committed 85580K, reserved 1124352K
  class space    used 10692K, capacity 11498K, committed 11596K, reserved 1048576K
}
Event: 70.418 GC heap before
{Heap before GC invocations=22 (full 0):
 garbage-first heap   total 187392K, used 143867K [0x0000000080000000, 0x0000000100000000)
  region size 1024K, 75 young (76800K), 8 survivors (8192K)
 Metaspace       used 87584K, capacity 89842K, committed 89932K, reserved 1128448K
  class space    used 11016K, capacity 11845K, committed 11852K, reserved 1048576K
}
Event: 70.443 GC heap after
{Heap after GC invocations=23 (full 0):
 garbage-first heap   total 187392K, used 81707K [0x0000000080000000, 0x0000000100000000)
  region size 1024K, 9 young (9216K), 9 survivors (9216K)
 Metaspace       used 87584K, capacity 89842K, committed 89932K, reserved 1128448K
  class space    used 11016K, capacity 11845K, committed 11852K, reserved 1048576K
}
Event: 3129.269 GC heap before
{Heap before GC invocations=23 (full 0):
 garbage-first heap   total 187392K, used 147243K [0x0000000080000000, 0x0000000100000000)
  region size 1024K, 74 young (75776K), 9 survivors (9216K)
 Metaspace       used 88051K, capacity 90346K, committed 90572K, reserved 1128448K
  class space    used 11024K, capacity 11856K, committed 11980K, reserved 1048576K
}
Event: 3129.433 GC heap after
{Heap after GC invocations=24 (full 0):
 garbage-first heap   total 187392K, used 79102K [0x0000000080000000, 0x0000000100000000)
  region size 1024K, 2 young (2048K), 2 survivors (2048K)
 Metaspace       used 88051K, capacity 90346K, committed 90572K, reserved 1128448K
  class space    used 11024K, capacity 11856K, committed 11980K, reserved 1048576K
}

